<?xml version="1.0" encoding="UTF-8"?>
<testsuite name="com.incrowd.SportsNews.SportsNewsApplicationTests" tests="1" skipped="0" failures="0" errors="0" timestamp="2020-12-05T18:51:22" hostname="DESKTOP-BN426NT" time="0.326">
  <properties/>
  <testcase name="contextLoads()" classname="com.incrowd.SportsNews.SportsNewsApplicationTests" time="0.326"/>
  <system-out><![CDATA[18:51:21.241 [Test worker] DEBUG org.springframework.test.context.BootstrapUtils - Instantiating CacheAwareContextLoaderDelegate from class [org.springframework.test.context.cache.DefaultCacheAwareContextLoaderDelegate]
18:51:21.253 [Test worker] DEBUG org.springframework.test.context.BootstrapUtils - Instantiating BootstrapContext using constructor [public org.springframework.test.context.support.DefaultBootstrapContext(java.lang.Class,org.springframework.test.context.CacheAwareContextLoaderDelegate)]
18:51:21.279 [Test worker] DEBUG org.springframework.test.context.BootstrapUtils - Instantiating TestContextBootstrapper for test class [com.incrowd.SportsNews.SportsNewsApplicationTests] from class [org.springframework.boot.test.context.SpringBootTestContextBootstrapper]
18:51:21.288 [Test worker] INFO org.springframework.boot.test.context.SpringBootTestContextBootstrapper - Neither @ContextConfiguration nor @ContextHierarchy found for test class [com.incrowd.SportsNews.SportsNewsApplicationTests], using SpringBootContextLoader
18:51:21.291 [Test worker] DEBUG org.springframework.test.context.support.AbstractContextLoader - Did not detect default resource location for test class [com.incrowd.SportsNews.SportsNewsApplicationTests]: class path resource [com/incrowd/SportsNews/SportsNewsApplicationTests-context.xml] does not exist
18:51:21.291 [Test worker] DEBUG org.springframework.test.context.support.AbstractContextLoader - Did not detect default resource location for test class [com.incrowd.SportsNews.SportsNewsApplicationTests]: class path resource [com/incrowd/SportsNews/SportsNewsApplicationTestsContext.groovy] does not exist
18:51:21.291 [Test worker] INFO org.springframework.test.context.support.AbstractContextLoader - Could not detect default resource locations for test class [com.incrowd.SportsNews.SportsNewsApplicationTests]: no resource found for suffixes {-context.xml, Context.groovy}.
18:51:21.292 [Test worker] INFO org.springframework.test.context.support.AnnotationConfigContextLoaderUtils - Could not detect default configuration classes for test class [com.incrowd.SportsNews.SportsNewsApplicationTests]: SportsNewsApplicationTests does not declare any static, non-private, non-final, nested classes annotated with @Configuration.
18:51:21.324 [Test worker] DEBUG org.springframework.test.context.support.ActiveProfilesUtils - Could not find an 'annotation declaring class' for annotation type [org.springframework.test.context.ActiveProfiles] and class [com.incrowd.SportsNews.SportsNewsApplicationTests]
18:51:21.371 [Test worker] DEBUG org.springframework.context.annotation.ClassPathScanningCandidateComponentProvider - Identified candidate component class: file [C:\Users\Jawad\Downloads\SportsNews\build\classes\java\main\com\incrowd\SportsNews\SportsNewsApplication.class]
18:51:21.373 [Test worker] INFO org.springframework.boot.test.context.SpringBootTestContextBootstrapper - Found @SpringBootConfiguration com.incrowd.SportsNews.SportsNewsApplication for test class com.incrowd.SportsNews.SportsNewsApplicationTests
18:51:21.462 [Test worker] DEBUG org.springframework.boot.test.context.SpringBootTestContextBootstrapper - @TestExecutionListeners is not present for class [com.incrowd.SportsNews.SportsNewsApplicationTests]: using defaults.
18:51:21.462 [Test worker] INFO org.springframework.boot.test.context.SpringBootTestContextBootstrapper - Loaded default TestExecutionListener class names from location [META-INF/spring.factories]: [org.springframework.boot.test.autoconfigure.restdocs.RestDocsTestExecutionListener, org.springframework.boot.test.autoconfigure.web.client.MockRestServiceServerResetTestExecutionListener, org.springframework.boot.test.autoconfigure.web.servlet.MockMvcPrintOnlyOnFailureTestExecutionListener, org.springframework.boot.test.autoconfigure.web.servlet.WebDriverTestExecutionListener, org.springframework.boot.test.autoconfigure.webservices.client.MockWebServiceServerTestExecutionListener, org.springframework.boot.test.mock.mockito.MockitoTestExecutionListener, org.springframework.boot.test.mock.mockito.ResetMocksTestExecutionListener, org.springframework.test.context.web.ServletTestExecutionListener, org.springframework.test.context.support.DirtiesContextBeforeModesTestExecutionListener, org.springframework.test.context.support.DependencyInjectionTestExecutionListener, org.springframework.test.context.support.DirtiesContextTestExecutionListener, org.springframework.test.context.transaction.TransactionalTestExecutionListener, org.springframework.test.context.jdbc.SqlScriptsTestExecutionListener, org.springframework.test.context.event.EventPublishingTestExecutionListener]
18:51:21.470 [Test worker] DEBUG org.springframework.boot.test.context.SpringBootTestContextBootstrapper - Skipping candidate TestExecutionListener [org.springframework.test.context.web.ServletTestExecutionListener] due to a missing dependency. Specify custom listener classes or make the default listener classes and their required dependencies available. Offending class: [javax/servlet/ServletContext]
18:51:21.476 [Test worker] INFO org.springframework.boot.test.context.SpringBootTestContextBootstrapper - Using TestExecutionListeners: [org.springframework.test.context.support.DirtiesContextBeforeModesTestExecutionListener@684b3409, org.springframework.boot.test.mock.mockito.MockitoTestExecutionListener@31f3793c, org.springframework.boot.test.autoconfigure.SpringBootDependencyInjectionTestExecutionListener@6fd03f10, org.springframework.test.context.support.DirtiesContextTestExecutionListener@4cd2539f, org.springframework.test.context.transaction.TransactionalTestExecutionListener@7d08cd70, org.springframework.test.context.jdbc.SqlScriptsTestExecutionListener@57186174, org.springframework.test.context.event.EventPublishingTestExecutionListener@395efc38, org.springframework.boot.test.autoconfigure.restdocs.RestDocsTestExecutionListener@67ce1e27, org.springframework.boot.test.autoconfigure.web.client.MockRestServiceServerResetTestExecutionListener@5c962ce3, org.springframework.boot.test.autoconfigure.web.servlet.MockMvcPrintOnlyOnFailureTestExecutionListener@4811e5c4, org.springframework.boot.test.autoconfigure.web.servlet.WebDriverTestExecutionListener@6606fc2, org.springframework.boot.test.autoconfigure.webservices.client.MockWebServiceServerTestExecutionListener@11c8660f, org.springframework.boot.test.mock.mockito.ResetMocksTestExecutionListener@7c54a1e1]
18:51:21.479 [Test worker] DEBUG org.springframework.test.context.support.AbstractDirtiesContextTestExecutionListener - Before test class: context [DefaultTestContext@7b244d39 testClass = SportsNewsApplicationTests, testInstance = [null], testMethod = [null], testException = [null], mergedContextConfiguration = [MergedContextConfiguration@9c456c5 testClass = SportsNewsApplicationTests, locations = '{}', classes = '{class com.incrowd.SportsNews.SportsNewsApplication}', contextInitializerClasses = '[]', activeProfiles = '{}', propertySourceLocations = '{}', propertySourceProperties = '{org.springframework.boot.test.context.SpringBootTestContextBootstrapper=true}', contextCustomizers = set[org.springframework.boot.test.autoconfigure.actuate.metrics.MetricsExportContextCustomizerFactory$DisableMetricExportContextCustomizer@783e64bd, org.springframework.boot.test.autoconfigure.properties.PropertyMappingContextCustomizer@0, org.springframework.boot.test.autoconfigure.web.servlet.WebDriverContextCustomizerFactory$Customizer@1ae295ad, org.springframework.boot.test.context.filter.ExcludeFilterContextCustomizer@5c0531a8, org.springframework.boot.test.json.DuplicateJsonObjectContextCustomizerFactory$DuplicateJsonObjectContextCustomizer@49804eb9, org.springframework.boot.test.mock.mockito.MockitoContextCustomizer@0, org.springframework.boot.test.web.client.TestRestTemplateContextCustomizer@103ba6d6, org.springframework.boot.test.web.reactive.server.WebTestClientContextCustomizer@d9d0f2b, org.springframework.boot.test.context.SpringBootTestArgs@1, org.springframework.boot.test.context.SpringBootTestWebEnvironment@580189ae], contextLoader = 'org.springframework.boot.test.context.SpringBootContextLoader', parent = [null]], attributes = map[[empty]]], class annotated with @DirtiesContext [false] with mode [null].
18:51:21.489 [Test worker] DEBUG org.springframework.test.context.support.DependencyInjectionTestExecutionListener - Performing dependency injection for test context [[DefaultTestContext@7b244d39 testClass = SportsNewsApplicationTests, testInstance = com.incrowd.SportsNews.SportsNewsApplicationTests@3c22d1cd, testMethod = [null], testException = [null], mergedContextConfiguration = [MergedContextConfiguration@9c456c5 testClass = SportsNewsApplicationTests, locations = '{}', classes = '{class com.incrowd.SportsNews.SportsNewsApplication}', contextInitializerClasses = '[]', activeProfiles = '{}', propertySourceLocations = '{}', propertySourceProperties = '{org.springframework.boot.test.context.SpringBootTestContextBootstrapper=true}', contextCustomizers = set[org.springframework.boot.test.autoconfigure.actuate.metrics.MetricsExportContextCustomizerFactory$DisableMetricExportContextCustomizer@783e64bd, org.springframework.boot.test.autoconfigure.properties.PropertyMappingContextCustomizer@0, org.springframework.boot.test.autoconfigure.web.servlet.WebDriverContextCustomizerFactory$Customizer@1ae295ad, org.springframework.boot.test.context.filter.ExcludeFilterContextCustomizer@5c0531a8, org.springframework.boot.test.json.DuplicateJsonObjectContextCustomizerFactory$DuplicateJsonObjectContextCustomizer@49804eb9, org.springframework.boot.test.mock.mockito.MockitoContextCustomizer@0, org.springframework.boot.test.web.client.TestRestTemplateContextCustomizer@103ba6d6, org.springframework.boot.test.web.reactive.server.WebTestClientContextCustomizer@d9d0f2b, org.springframework.boot.test.context.SpringBootTestArgs@1, org.springframework.boot.test.context.SpringBootTestWebEnvironment@580189ae], contextLoader = 'org.springframework.boot.test.context.SpringBootContextLoader', parent = [null]], attributes = map[[empty]]]].
18:51:21.509 [Test worker] DEBUG org.springframework.test.context.support.TestPropertySourceUtils - Adding inlined properties to environment: {spring.jmx.enabled=false, org.springframework.boot.test.context.SpringBootTestContextBootstrapper=true}

  .   ____          _            __ _ _
 /\\ / ___'_ __ _ _(_)_ __  __ _ \ \ \ \
( ( )\___ | '_ | '_| | '_ \/ _` | \ \ \ \
 \\/  ___)| |_)| | | | | || (_| |  ) ) ) )
  '  |____| .__|_| |_|_| |_\__, | / / / /
 =========|_|==============|___/=/_/_/_/
 :: Spring Boot ::                (v2.4.0)

2020-12-05 18:51:21.719  WARN 1720 --- [    Test worker] ory$DuplicateJsonObjectContextCustomizer : 

Found multiple occurrences of org.json.JSONObject on the class path:

	jar:file:/C:/Users/Jawad/.gradle/caches/modules-2/files-2.1/org.json/json/20201115/f8e7a9953822c90e0701c3cd50764b5e9063f85c/json-20201115.jar!/org/json/JSONObject.class
	jar:file:/C:/Users/Jawad/.gradle/caches/modules-2/files-2.1/com.vaadin.external.google/android-json/0.0.20131108.vaadin1/fa26d351fe62a6a17f5cda1287c1c6110dec413f/android-json-0.0.20131108.vaadin1.jar!/org/json/JSONObject.class

You may wish to exclude one of them to ensure predictable runtime behavior

2020-12-05 18:51:21.727  INFO 1720 --- [    Test worker] c.i.S.SportsNewsApplicationTests         : Starting SportsNewsApplicationTests using Java 11.0.6 on DESKTOP-BN426NT with PID 1720 (started by Jawad in C:\Users\Jawad\Downloads\SportsNews)
2020-12-05 18:51:21.729  INFO 1720 --- [    Test worker] c.i.S.SportsNewsApplicationTests         : No active profile set, falling back to default profiles: default
2020-12-05 18:51:22.362  INFO 1720 --- [    Test worker] o.s.s.c.ThreadPoolTaskScheduler          : Initializing ExecutorService 'taskScheduler'
2020-12-05 18:51:22.389  INFO 1720 --- [    Test worker] c.i.S.SportsNewsApplicationTests         : Started SportsNewsApplicationTests in 0.877 seconds (JVM running for 1.89)
]]></system-out>
  <system-err><![CDATA[]]></system-err>
</testsuite>
